<?xml version="1.0" encoding="UTF-8"?>
<!-- Generated by org.testng.reporters.JUnitReportReporter -->
<testsuite skipped="0" hostname="DESKTOP-5H6CH3Q" name="com.ustg.amazon.testcases.testElectResult" tests="2" failures="0" timestamp="2020-10-20T23:09:21 IST" time="51.854" errors="0">
  <testcase name="addProduct" time="0.007" classname="com.ustg.amazon.testcases.testElectResult"/>
  <system-out/>
  <testcase name="logout" time="51.847" classname="com.ustg.amazon.testcases.testElectResult"/>
  <system-out/>
</testsuite> <!-- com.ustg.amazon.testcases.testElectResult -->
