<?xml version="1.0" encoding="UTF-8"?>
<!-- Generated by org.testng.reporters.JUnitReportReporter -->
<testsuite skipped="0" hostname="DESKTOP-5H6CH3Q" name="com.ustg.amazon.testcases.testLogin" tests="1" failures="0" timestamp="2020-10-23T11:13:09 IST" time="46.208" errors="0">
  <testcase name="login" time="46.208" classname="com.ustg.amazon.testcases.testLogin"/>
  <system-out/>
</testsuite> <!-- com.ustg.amazon.testcases.testLogin -->
